<?xml version="1.0" encoding="UTF-8"?>
<!-- Generated by org.testng.reporters.JUnitXMLReporter -->
<testsuite ignored="0" hostname="DESKTOP-TDD8K48" failures="0" tests="9" name="Default test" time="68.002" errors="0" timestamp="2024-10-28T18:21:40 IST">
  <testcase classname="testcases_store.TC_Class4" name="login" time="5.857"/>
  <testcase classname="testcases_store.TC_Class4" name="disablewifi" time="10.015"/>
  <testcase classname="testcases_store.TC_Class4" name="pressBackButton_Lostwifi" time="0.235"/>
  <testcase classname="testcases_store.TC_Class4" name="enablewifi" time="10.123"/>
  <testcase classname="testcases_store.TC_Class4" name="click_homeTab_After_Connection_Restore" time="4.964"/>
  <testcase classname="testcases_store.TC_Class4" name="disablewifi2" time="10.009"/>
  <testcase classname="testcases_store.TC_Class4" name="pressBackButton_Lostwifi2" time="0.25"/>
  <testcase classname="testcases_store.TC_Class4" name="enablewifi2" time="10.119"/>
  <testcase classname="testcases_store.TC_Class4" name="click_historyTab_After_Connection_Restore" time="4.784"/>
</testsuite> <!-- Default test -->
