<?xml version="1.0" encoding="UTF-8"?>
<testng-results ignored="6" total="7" passed="1" failed="0" skipped="0">
  <reporter-output>
  </reporter-output>
  <suite started-at="2024-11-18T12:35:57 IST" name="Default suite" finished-at="2024-11-18T12:36:57 IST" duration-ms="59559">
    <groups>
    </groups>
    <test started-at="2024-11-18T12:35:57 IST" name="Default test" finished-at="2024-11-18T12:36:57 IST" duration-ms="59559">
      <class name="testcases_store.TC_Class3">
        <test-method is-config="true" signature="startup()[pri:0, instance:testcases_store.TC_Class3@10d307f1]" started-at="2024-11-18T12:35:57 IST" name="startup" finished-at="2024-11-18T12:36:11 IST" duration-ms="13465" status="PASS">
          <reporter-output>
          </reporter-output>
        </test-method> <!-- startup -->
        <test-method signature="verify_Users_Visibility_On_HistoryPage()[pri:0, instance:testcases_store.TC_Class3@10d307f1]" started-at="2024-11-18T12:36:11 IST" name="verify_Users_Visibility_On_HistoryPage" finished-at="2024-11-18T12:36:41 IST" duration-ms="30460" status="PASS">
          <reporter-output>
          </reporter-output>
        </test-method> <!-- verify_Users_Visibility_On_HistoryPage -->
        <test-method is-config="true" signature="close()[pri:0, instance:testcases_store.TC_Class3@10d307f1]" started-at="2024-11-18T12:36:41 IST" name="close" finished-at="2024-11-18T12:36:57 IST" duration-ms="15589" status="PASS">
          <reporter-output>
          </reporter-output>
        </test-method> <!-- close -->
      </class> <!-- testcases_store.TC_Class3 -->
    </test> <!-- Default test -->
  </suite> <!-- Default suite -->
</testng-results>
